<?xml version="1.0" encoding="UTF-8"?>
<!-- Generated by org.testng.reporters.JUnitReportReporter -->
<testsuite hostname="LAPTOP-Soufien" failures="0" tests="1" name="com.todos.tests.AddTodoTest" time="9.597" errors="0" timestamp="2024-05-08T18:43:20 GMT+01:00" skipped="0">
  <testcase classname="com.todos.tests.AddTodoTest" name="iCanAddTodo" time="9.597"/>
  <system-out/>
</testsuite> <!-- com.todos.tests.AddTodoTest -->
